### 08.04.2021 21:07:56
Array
(
    [count] => 2
    [catalog] => Array
        (
            [0] => Array
                (
                    [name] => Пицца
                    [price] => 24
                )

            [1] => Array
                (
                    [name] => Чай
                    [price] => 1
                )

            [2] => Array
                (
                    [name] => Яблоко
                    [price] => 12
                )

        )

)



### 08.04.2021 21:07:57
Array
(
    [count] => 2
    [name] => Админ
)



### 08.04.2021 21:07:57
Array
(
    [count] => 2
)



